debug 2024/05/10 11:23:28 AddModel: <nil>
debug 2024/05/10 11:23:29 AddModel: h
debug 2024/05/10 11:23:29 AddModel: e
debug 2024/05/10 11:23:29 AddModel: {}
debug 2024/05/10 11:23:29 AddModel: l
debug 2024/05/10 11:23:29 AddModel: {}
debug 2024/05/10 11:23:30 AddModel: l
debug 2024/05/10 11:23:30 AddModel: {}
debug 2024/05/10 11:23:30 AddModel: o
debug 2024/05/10 11:23:30 AddModel: {}
debug 2024/05/10 11:23:30 AddModel:  
debug 2024/05/10 11:23:30 AddModel: {}
debug 2024/05/10 11:23:30 AddModel: w
debug 2024/05/10 11:23:30 AddModel: {}
debug 2024/05/10 11:23:30 AddModel: o
debug 2024/05/10 11:23:30 AddModel: {}
debug 2024/05/10 11:23:30 AddModel: r
debug 2024/05/10 11:23:30 AddModel: {}
debug 2024/05/10 11:23:30 AddModel: l
debug 2024/05/10 11:23:30 AddModel: {}
debug 2024/05/10 11:23:31 AddModel: d
debug 2024/05/10 11:23:31 AddModel: {}
debug 2024/05/10 11:23:31 AddModel:  
debug 2024/05/10 11:23:31 AddModel: {}
debug 2024/05/10 11:23:31 AddModel: m
debug 2024/05/10 11:23:31 AddModel: {}
debug 2024/05/10 11:23:31 AddModel: y
debug 2024/05/10 11:23:31 AddModel: {}
debug 2024/05/10 11:23:31 AddModel:  
debug 2024/05/10 11:23:31 AddModel: {}
debug 2024/05/10 11:23:31 AddModel: n
debug 2024/05/10 11:23:31 AddModel: {}
debug 2024/05/10 11:23:31 AddModel: a
debug 2024/05/10 11:23:31 AddModel: {}
debug 2024/05/10 11:23:31 AddModel: m
debug 2024/05/10 11:23:31 AddModel: {}
debug 2024/05/10 11:23:31 AddModel: e
debug 2024/05/10 11:23:31 AddModel: {}
debug 2024/05/10 11:23:31 AddModel:  
debug 2024/05/10 11:23:31 AddModel: {}
debug 2024/05/10 11:23:31 AddModel: i
debug 2024/05/10 11:23:31 AddModel: {}
debug 2024/05/10 11:23:32 AddModel: s
debug 2024/05/10 11:23:32 AddModel: {}
debug 2024/05/10 11:23:32 AddModel:  
debug 2024/05/10 11:23:32 AddModel: {}
debug 2024/05/10 11:23:32 AddModel: A
debug 2024/05/10 11:23:32 AddModel: {}
debug 2024/05/10 11:23:32 AddModel: {0 25}
debug 2024/05/10 11:23:33 AddModel: s
debug 2024/05/10 11:23:33 AddModel: {}
debug 2024/05/10 11:23:33 AddModel: h
debug 2024/05/10 11:23:33 AddModel: {}
debug 2024/05/10 11:23:33 AddModel: l
debug 2024/05/10 11:23:33 AddModel: {}
debug 2024/05/10 11:23:33 AddModel: e
debug 2024/05/10 11:23:33 AddModel: {}
debug 2024/05/10 11:23:33 AddModel: y
debug 2024/05/10 11:23:33 AddModel: {}
debug 2024/05/10 11:23:33 AddModel: enter
debug 2024/05/10 11:23:33 AddModel: {}
debug 2024/05/10 11:23:34 AddModel: {0 32}
debug 2024/05/10 11:23:34 AddModel: {0 33}
debug 2024/05/10 11:23:35 AddModel: esc
debug 2024/05/10 11:23:35 AddModel: {0 34}
debug 2024/05/10 11:23:37 AddModel: enter
debug 2024/05/10 11:23:39 AddModel: <nil>
debug 2024/05/10 11:23:40 AddModel: h
debug 2024/05/10 11:23:40 AddModel: e
debug 2024/05/10 11:23:40 AddModel: {}
debug 2024/05/10 11:23:41 AddModel: l
debug 2024/05/10 11:23:41 AddModel: {}
debug 2024/05/10 11:23:41 AddModel: l
debug 2024/05/10 11:23:41 AddModel: {}
debug 2024/05/10 11:23:41 AddModel: {0 5}
debug 2024/05/10 11:23:41 AddModel: esc
debug 2024/05/10 11:23:42 AddModel: {0 6}
debug 2024/05/10 11:23:42 AddModel: esc
debug 2024/05/10 11:23:44 AddModel: <nil>
debug 2024/05/10 11:23:44 AddModel: esc
debug 2024/05/10 11:23:45 AddModel: esc
